app/build/intermediates/manifest_merge_blame_file/debug/processDebugMainManifest/manifest-merger-blame-debug-report.txt
1<?xml version="1.0" encoding="utf-8"?>
2<manifest xmlns:android="http://schemas.android.com/apk/res/android"
3    package="com.ikoro.android.wallet"
4    android:versionCode="100"
5    android:versionName="1.0.0" >
6
7    <uses-sdk
8        android:minSdkVersion="26"
9        android:targetSdkVersion="35" />
10
11    <!-- Internet permissions for Nostr relay connections -->
12    <uses-permission android:name="android.permission.INTERNET" />
12-->src/main/AndroidManifest.xml:6:5-67
12-->src/main/AndroidManifest.xml:6:22-64
13    <uses-permission android:name="android.permission.ACCESS_NETWORK_STATE" />
13-->src/main/AndroidManifest.xml:7:5-79
13-->src/main/AndroidManifest.xml:7:22-76
14
15    <!-- Bluetooth permissions -->
16    <uses-permission
16-->src/main/AndroidManifest.xml:10:5-95
17        android:name="android.permission.BLUETOOTH"
17-->src/main/AndroidManifest.xml:10:22-65
18        android:maxSdkVersion="30" />
18-->src/main/AndroidManifest.xml:10:66-92
19    <uses-permission
19-->src/main/AndroidManifest.xml:11:5-101
20        android:name="android.permission.BLUETOOTH_ADMIN"
20-->src/main/AndroidManifest.xml:11:22-71
21        android:maxSdkVersion="30" />
21-->src/main/AndroidManifest.xml:11:72-98
22    <uses-permission android:name="android.permission.BLUETOOTH_ADVERTISE" />
22-->src/main/AndroidManifest.xml:12:5-78
22-->src/main/AndroidManifest.xml:12:22-75
23    <uses-permission android:name="android.permission.BLUETOOTH_CONNECT" />
23-->src/main/AndroidManifest.xml:13:5-76
23-->src/main/AndroidManifest.xml:13:22-73
24    <uses-permission android:name="android.permission.BLUETOOTH_SCAN" />
24-->src/main/AndroidManifest.xml:14:5-73
24-->src/main/AndroidManifest.xml:14:22-70
25
26    <!-- Location permission required for BLE scanning -->
27    <uses-permission android:name="android.permission.ACCESS_COARSE_LOCATION" />
27-->src/main/AndroidManifest.xml:17:5-81
27-->src/main/AndroidManifest.xml:17:22-78
28    <uses-permission android:name="android.permission.ACCESS_FINE_LOCATION" />
28-->src/main/AndroidManifest.xml:18:5-79
28-->src/main/AndroidManifest.xml:18:22-76
29    <uses-permission android:name="android.permission.ACCESS_BACKGROUND_LOCATION" />
29-->src/main/AndroidManifest.xml:19:5-85
29-->src/main/AndroidManifest.xml:19:22-82
30
31    <!-- Notification permissions -->
32    <uses-permission android:name="android.permission.POST_NOTIFICATIONS" />
32-->src/main/AndroidManifest.xml:22:5-77
32-->src/main/AndroidManifest.xml:22:22-74
33    <!-- Signature permission for internal UI shutdown broadcasts -->
34    <uses-permission android:name="com.ikorochat.android.permission.FORCE_FINISH" />
34-->src/main/AndroidManifest.xml:24:5-85
34-->src/main/AndroidManifest.xml:24:22-82
35    <!-- Foreground service and boot permissions for long-running background mesh -->
36    <uses-permission android:name="android.permission.FOREGROUND_SERVICE" />
36-->src/main/AndroidManifest.xml:26:5-77
36-->src/main/AndroidManifest.xml:26:22-74
37    <!-- Connected device foreground service type for BLE operations (API 34+) -->
38    <uses-permission android:name="android.permission.FOREGROUND_SERVICE_CONNECTED_DEVICE" />
38-->src/main/AndroidManifest.xml:28:5-94
38-->src/main/AndroidManifest.xml:28:22-91
39    <!-- Data sync foreground service type (required when declaring dataSync) -->
40    <uses-permission android:name="android.permission.FOREGROUND_SERVICE_DATA_SYNC" />
40-->src/main/AndroidManifest.xml:30:5-87
40-->src/main/AndroidManifest.xml:30:22-84
41    <!-- Location foreground service type required for BLE scanning in background -->
42    <uses-permission android:name="android.permission.FOREGROUND_SERVICE_LOCATION" />
42-->src/main/AndroidManifest.xml:32:5-86
42-->src/main/AndroidManifest.xml:32:22-83
43    <uses-permission android:name="android.permission.RECEIVE_BOOT_COMPLETED" />
43-->src/main/AndroidManifest.xml:33:5-81
43-->src/main/AndroidManifest.xml:33:22-78
44
45    <!-- Microphone for voice notes -->
46    <uses-permission android:name="android.permission.RECORD_AUDIO" />
46-->src/main/AndroidManifest.xml:36:5-71
46-->src/main/AndroidManifest.xml:36:22-68
47    <!-- Camera for QR verification -->
48    <uses-permission android:name="android.permission.CAMERA" />
48-->src/main/AndroidManifest.xml:38:5-65
48-->src/main/AndroidManifest.xml:38:22-62
49
50    <!-- Storage permissions for file sharing -->
51    <uses-permission
51-->src/main/AndroidManifest.xml:41:5-107
52        android:name="android.permission.READ_EXTERNAL_STORAGE"
52-->src/main/AndroidManifest.xml:41:22-77
53        android:maxSdkVersion="28" />
53-->src/main/AndroidManifest.xml:41:78-104
54    <uses-permission android:name="android.permission.READ_MEDIA_IMAGES" />
54-->src/main/AndroidManifest.xml:42:5-76
54-->src/main/AndroidManifest.xml:42:22-73
55    <uses-permission android:name="android.permission.READ_MEDIA_VIDEO" />
55-->src/main/AndroidManifest.xml:43:5-75
55-->src/main/AndroidManifest.xml:43:22-72
56    <uses-permission android:name="android.permission.READ_MEDIA_AUDIO" />
56-->src/main/AndroidManifest.xml:44:5-75
56-->src/main/AndroidManifest.xml:44:22-72
57
58    <!-- Haptic feedback permission -->
59    <uses-permission android:name="android.permission.VIBRATE" />
59-->src/main/AndroidManifest.xml:47:5-66
59-->src/main/AndroidManifest.xml:47:22-63
60
61    <!-- Battery optimization permission -->
62    <uses-permission android:name="android.permission.REQUEST_IGNORE_BATTERY_OPTIMIZATIONS" />
62-->src/main/AndroidManifest.xml:50:5-95
62-->src/main/AndroidManifest.xml:50:22-92
63
64    <!-- Hardware features -->
65    <uses-feature
65-->src/main/AndroidManifest.xml:53:5-90
66        android:name="android.hardware.bluetooth_le"
66-->src/main/AndroidManifest.xml:53:19-63
67        android:required="true" />
67-->src/main/AndroidManifest.xml:53:64-87
68    <uses-feature
68-->src/main/AndroidManifest.xml:54:5-87
69        android:name="android.hardware.bluetooth"
69-->src/main/AndroidManifest.xml:54:19-60
70        android:required="true" />
70-->src/main/AndroidManifest.xml:54:61-84
71    <uses-feature
71-->src/main/AndroidManifest.xml:55:5-85
72        android:name="android.hardware.camera"
72-->src/main/AndroidManifest.xml:55:19-57
73        android:required="false" />
73-->src/main/AndroidManifest.xml:55:58-82
74
75    <permission
75-->src/main/AndroidManifest.xml:57:5-59:47
76        android:name="com.ikorochat.android.permission.FORCE_FINISH"
76-->src/main/AndroidManifest.xml:58:9-69
77        android:protectionLevel="signature" />
77-->src/main/AndroidManifest.xml:59:9-44
78
79    <uses-permission android:name="android.permission.WAKE_LOCK" />
79-->[androidx.work:work-runtime:2.3.4] AndroidManifest.xml:25:5-68
79-->[androidx.work:work-runtime:2.3.4] AndroidManifest.xml:25:22-65
80
81    <permission
81-->[androidx.core:core:1.16.0] AndroidManifest.xml:22:5-24:47
82        android:name="com.ikoro.android.wallet.DYNAMIC_RECEIVER_NOT_EXPORTED_PERMISSION"
82-->[androidx.core:core:1.16.0] AndroidManifest.xml:23:9-81
83        android:protectionLevel="signature" />
83-->[androidx.core:core:1.16.0] AndroidManifest.xml:24:9-44
84
85    <uses-permission android:name="com.ikoro.android.wallet.DYNAMIC_RECEIVER_NOT_EXPORTED_PERMISSION" />
85-->[androidx.core:core:1.16.0] AndroidManifest.xml:26:5-97
85-->[androidx.core:core:1.16.0] AndroidManifest.xml:26:22-94
86
87    <application
87-->src/main/AndroidManifest.xml:61:5-147:19
88        android:name="com.ikoro.android.IkoroApplication"
88-->src/main/AndroidManifest.xml:62:9-41
89        android:allowBackup="false"
89-->src/main/AndroidManifest.xml:63:9-36
90        android:appComponentFactory="androidx.core.app.CoreComponentFactory"
90-->[androidx.core:core:1.16.0] AndroidManifest.xml:28:18-86
91        android:dataExtractionRules="@xml/data_extraction_rules"
91-->src/main/AndroidManifest.xml:64:9-65
92        android:debuggable="true"
93        android:extractNativeLibs="false"
94        android:fullBackupContent="@xml/backup_rules"
94-->src/main/AndroidManifest.xml:65:9-54
95        android:icon="@mipmap/ic_launcher"
95-->src/main/AndroidManifest.xml:66:9-43
96        android:label="@string/app_name"
96-->src/main/AndroidManifest.xml:68:9-41
97        android:roundIcon="@mipmap/ic_launcher_round"
97-->src/main/AndroidManifest.xml:67:9-54
98        android:supportsRtl="true"
98-->src/main/AndroidManifest.xml:69:9-35
99        android:theme="@style/Theme.IkoroAndroid" >
99-->src/main/AndroidManifest.xml:70:9-50
100
101        <!-- FileProvider for sharing temp/cache files with external viewers -->
102        <provider
103            android:name="androidx.core.content.FileProvider"
103-->src/main/AndroidManifest.xml:74:13-62
104            android:authorities="com.ikoro.android.wallet.fileprovider"
104-->src/main/AndroidManifest.xml:75:13-64
105            android:exported="false"
105-->src/main/AndroidManifest.xml:76:13-37
106            android:grantUriPermissions="true" >
106-->src/main/AndroidManifest.xml:77:13-47
107            <meta-data
107-->src/main/AndroidManifest.xml:78:13-80:54
108                android:name="android.support.FILE_PROVIDER_PATHS"
108-->src/main/AndroidManifest.xml:79:17-67
109                android:resource="@xml/file_paths" />
109-->src/main/AndroidManifest.xml:80:17-51
110        </provider>
111
112        <activity
112-->src/main/AndroidManifest.xml:82:9-86:58
113            android:name="com.ikoro.android.ui.GeohashPickerActivity"
113-->src/main/AndroidManifest.xml:83:13-53
114            android:exported="false"
114-->src/main/AndroidManifest.xml:84:13-37
115            android:theme="@style/Theme.IkoroAndroid"
115-->src/main/AndroidManifest.xml:85:13-54
116            android:windowSoftInputMode="adjustResize" />
116-->src/main/AndroidManifest.xml:86:13-55
117        <activity
117-->src/main/AndroidManifest.xml:87:9-104:20
118            android:name="com.ikoro.android.MainActivity"
118-->src/main/AndroidManifest.xml:88:13-41
119            android:exported="true"
119-->src/main/AndroidManifest.xml:89:13-36
120            android:label="@string/app_name"
120-->src/main/AndroidManifest.xml:90:13-45
121            android:launchMode="singleTop"
121-->src/main/AndroidManifest.xml:93:13-43
122            android:theme="@style/Theme.IkoroAndroid"
122-->src/main/AndroidManifest.xml:91:13-54
123            android:windowSoftInputMode="adjustResize" >
123-->src/main/AndroidManifest.xml:92:13-55
124            <intent-filter>
124-->src/main/AndroidManifest.xml:94:13-97:29
125                <action android:name="android.intent.action.MAIN" />
125-->src/main/AndroidManifest.xml:95:17-69
125-->src/main/AndroidManifest.xml:95:25-66
126
127                <category android:name="android.intent.category.LAUNCHER" />
127-->src/main/AndroidManifest.xml:96:17-77
127-->src/main/AndroidManifest.xml:96:27-74
128            </intent-filter>
129            <intent-filter>
129-->src/main/AndroidManifest.xml:98:13-103:29
130                <action android:name="android.intent.action.VIEW" />
130-->src/main/AndroidManifest.xml:99:17-69
130-->src/main/AndroidManifest.xml:99:25-66
131
132                <category android:name="android.intent.category.DEFAULT" />
132-->src/main/AndroidManifest.xml:100:17-76
132-->src/main/AndroidManifest.xml:100:27-73
133                <category android:name="android.intent.category.BROWSABLE" />
133-->src/main/AndroidManifest.xml:101:17-78
133-->src/main/AndroidManifest.xml:101:27-75
134
135                <data
135-->src/main/AndroidManifest.xml:102:17-70
136                    android:host="verify"
136-->src/main/AndroidManifest.xml:102:46-67
137                    android:scheme="ikoro" />
137-->src/main/AndroidManifest.xml:102:23-45
138            </intent-filter>
139        </activity>
140
141        <!-- OpenClaw Pairing Activity -->
142        <activity
142-->src/main/AndroidManifest.xml:107:9-111:57
143            android:name="com.ikoro.android.features.openclaw.OpenClawPairingActivity"
143-->src/main/AndroidManifest.xml:108:13-70
144            android:exported="false"
144-->src/main/AndroidManifest.xml:109:13-37
145            android:label="OpenClaw Pairing"
145-->src/main/AndroidManifest.xml:110:13-45
146            android:theme="@style/Theme.IkoroAndroid" />
146-->src/main/AndroidManifest.xml:111:13-54
147
148        <!-- OpenClaw Service for AI-human secure collaboration -->
149        <service
149-->src/main/AndroidManifest.xml:114:9-117:40
150            android:name="com.ikoro.android.features.openclaw.OpenClawService"
150-->src/main/AndroidManifest.xml:115:13-62
151            android:enabled="true"
151-->src/main/AndroidManifest.xml:116:13-35
152            android:exported="false" />
152-->src/main/AndroidManifest.xml:117:13-37
153
154        <!-- Persistent foreground service to run the mesh in background -->
155        <service
155-->src/main/AndroidManifest.xml:120:9-125:19
156            android:name="com.ikoro.android.service.MeshForegroundService"
156-->src/main/AndroidManifest.xml:121:13-58
157            android:exported="false"
157-->src/main/AndroidManifest.xml:122:13-37
158            android:foregroundServiceType="connectedDevice|dataSync|location" >
158-->src/main/AndroidManifest.xml:123:13-78
159        </service>
160
161        <!-- Listen for in-app broadcast when POST_NOTIFICATIONS is granted -->
162        <receiver
162-->src/main/AndroidManifest.xml:128:9-135:20
163            android:name="com.ikoro.android.service.NotificationPermissionChangedReceiver"
163-->src/main/AndroidManifest.xml:129:13-74
164            android:enabled="true"
164-->src/main/AndroidManifest.xml:130:13-35
165            android:exported="false" >
165-->src/main/AndroidManifest.xml:131:13-37
166            <intent-filter>
166-->src/main/AndroidManifest.xml:132:13-134:29
167                <action android:name="com.ikorochat.android.action.NOTIFICATION_PERMISSION_GRANTED" />
167-->src/main/AndroidManifest.xml:133:17-103
167-->src/main/AndroidManifest.xml:133:25-100
168            </intent-filter>
169        </receiver>
170
171        <!-- Auto-start mesh service after boot if enabled -->
172        <receiver
172-->src/main/AndroidManifest.xml:138:9-146:20
173            android:name="com.ikoro.android.service.BootCompletedReceiver"
173-->src/main/AndroidManifest.xml:139:13-58
174            android:enabled="true"
174-->src/main/AndroidManifest.xml:140:13-35
175            android:exported="false" >
175-->src/main/AndroidManifest.xml:141:13-37
176            <intent-filter>
176-->src/main/AndroidManifest.xml:142:13-145:29
177                <action android:name="android.intent.action.BOOT_COMPLETED" />
177-->src/main/AndroidManifest.xml:143:17-79
177-->src/main/AndroidManifest.xml:143:25-76
178                <action android:name="android.intent.action.LOCKED_BOOT_COMPLETED" />
178-->src/main/AndroidManifest.xml:144:17-86
178-->src/main/AndroidManifest.xml:144:25-83
179            </intent-filter>
180        </receiver>
181
182        <service
182-->[com.google.android.gms:play-services-mlkit-barcode-scanning:18.3.1] AndroidManifest.xml:9:9-15:19
183            android:name="com.google.mlkit.common.internal.MlKitComponentDiscoveryService"
183-->[com.google.android.gms:play-services-mlkit-barcode-scanning:18.3.1] AndroidManifest.xml:10:13-91
184            android:directBootAware="true"
184-->[com.google.mlkit:common:18.11.0] AndroidManifest.xml:17:13-43
185            android:exported="false" >
185-->[com.google.android.gms:play-services-mlkit-barcode-scanning:18.3.1] AndroidManifest.xml:11:13-37
186            <meta-data
186-->[com.google.android.gms:play-services-mlkit-barcode-scanning:18.3.1] AndroidManifest.xml:12:13-14:85
187                android:name="com.google.firebase.components:com.google.mlkit.vision.barcode.internal.BarcodeRegistrar"
187-->[com.google.android.gms:play-services-mlkit-barcode-scanning:18.3.1] AndroidManifest.xml:13:17-120
188                android:value="com.google.firebase.components.ComponentRegistrar" />
188-->[com.google.android.gms:play-services-mlkit-barcode-scanning:18.3.1] AndroidManifest.xml:14:17-82
189            <meta-data
189-->[com.google.mlkit:vision-common:17.3.0] AndroidManifest.xml:12:13-14:85
190                android:name="com.google.firebase.components:com.google.mlkit.vision.common.internal.VisionCommonRegistrar"
190-->[com.google.mlkit:vision-common:17.3.0] AndroidManifest.xml:13:17-124
191                android:value="com.google.firebase.components.ComponentRegistrar" />
191-->[com.google.mlkit:vision-common:17.3.0] AndroidManifest.xml:14:17-82
192            <meta-data
192-->[com.google.mlkit:common:18.11.0] AndroidManifest.xml:20:13-22:85
193                android:name="com.google.firebase.components:com.google.mlkit.common.internal.CommonComponentRegistrar"
193-->[com.google.mlkit:common:18.11.0] AndroidManifest.xml:21:17-120
194                android:value="com.google.firebase.components.ComponentRegistrar" />
194-->[com.google.mlkit:common:18.11.0] AndroidManifest.xml:22:17-82
195        </service>
196
197        <provider
197-->[com.google.mlkit:common:18.11.0] AndroidManifest.xml:9:9-13:38
198            android:name="com.google.mlkit.common.internal.MlKitInitProvider"
198-->[com.google.mlkit:common:18.11.0] AndroidManifest.xml:10:13-78
199            android:authorities="com.ikoro.android.wallet.mlkitinitprovider"
199-->[com.google.mlkit:common:18.11.0] AndroidManifest.xml:11:13-69
200            android:exported="false"
200-->[com.google.mlkit:common:18.11.0] AndroidManifest.xml:12:13-37
201            android:initOrder="99" />
201-->[com.google.mlkit:common:18.11.0] AndroidManifest.xml:13:13-35
202
203        <activity
203-->[com.google.android.gms:play-services-base:18.5.0] AndroidManifest.xml:5:9-173
204            android:name="com.google.android.gms.common.api.GoogleApiActivity"
204-->[com.google.android.gms:play-services-base:18.5.0] AndroidManifest.xml:5:19-85
205            android:exported="false"
205-->[com.google.android.gms:play-services-base:18.5.0] AndroidManifest.xml:5:146-170
206            android:theme="@android:style/Theme.Translucent.NoTitleBar" />
206-->[com.google.android.gms:play-services-base:18.5.0] AndroidManifest.xml:5:86-145
207
208        <meta-data
208-->[com.google.android.gms:play-services-basement:18.4.0] AndroidManifest.xml:6:9-122
209            android:name="com.google.android.gms.version"
209-->[com.google.android.gms:play-services-basement:18.4.0] AndroidManifest.xml:6:20-65
210            android:value="@integer/google_play_services_version" />
210-->[com.google.android.gms:play-services-basement:18.4.0] AndroidManifest.xml:6:66-119
211        <!--
212        Service for holding metadata. Cannot be instantiated.
213        Metadata will be merged from other manifests.
214        -->
215        <service
215-->[androidx.camera:camera-core:1.5.2] AndroidManifest.xml:29:9-33:78
216            android:name="androidx.camera.core.impl.MetadataHolderService"
216-->[androidx.camera:camera-core:1.5.2] AndroidManifest.xml:30:13-75
217            android:enabled="false"
217-->[androidx.camera:camera-core:1.5.2] AndroidManifest.xml:31:13-36
218            android:exported="false" >
218-->[androidx.camera:camera-core:1.5.2] AndroidManifest.xml:32:13-37
219            <meta-data
219-->[androidx.camera:camera-camera2:1.5.2] AndroidManifest.xml:30:13-32:89
220                android:name="androidx.camera.core.impl.MetadataHolderService.DEFAULT_CONFIG_PROVIDER"
220-->[androidx.camera:camera-camera2:1.5.2] AndroidManifest.xml:31:17-103
221                android:value="androidx.camera.camera2.Camera2Config$DefaultProvider" />
221-->[androidx.camera:camera-camera2:1.5.2] AndroidManifest.xml:32:17-86
222        </service>
223
224        <activity
224-->[androidx.compose.ui:ui-test-manifest:1.7.8] AndroidManifest.xml:23:9-25:39
225            android:name="androidx.activity.ComponentActivity"
225-->[androidx.compose.ui:ui-test-manifest:1.7.8] AndroidManifest.xml:24:13-63
226            android:exported="true" />
226-->[androidx.compose.ui:ui-test-manifest:1.7.8] AndroidManifest.xml:25:13-36
227
228        <provider
228-->[androidx.emoji2:emoji2:1.3.0] AndroidManifest.xml:24:9-32:20
229            android:name="androidx.startup.InitializationProvider"
229-->[androidx.emoji2:emoji2:1.3.0] AndroidManifest.xml:25:13-67
230            android:authorities="com.ikoro.android.wallet.androidx-startup"
230-->[androidx.emoji2:emoji2:1.3.0] AndroidManifest.xml:26:13-68
231            android:exported="false" >
231-->[androidx.emoji2:emoji2:1.3.0] AndroidManifest.xml:27:13-37
232            <meta-data
232-->[androidx.emoji2:emoji2:1.3.0] AndroidManifest.xml:29:13-31:52
233                android:name="androidx.emoji2.text.EmojiCompatInitializer"
233-->[androidx.emoji2:emoji2:1.3.0] AndroidManifest.xml:30:17-75
234                android:value="androidx.startup" />
234-->[androidx.emoji2:emoji2:1.3.0] AndroidManifest.xml:31:17-49
235            <meta-data
235-->[androidx.lifecycle:lifecycle-process:2.9.1] AndroidManifest.xml:29:13-31:52
236                android:name="androidx.lifecycle.ProcessLifecycleInitializer"
236-->[androidx.lifecycle:lifecycle-process:2.9.1] AndroidManifest.xml:30:17-78
237                android:value="androidx.startup" />
237-->[androidx.lifecycle:lifecycle-process:2.9.1] AndroidManifest.xml:31:17-49
238            <meta-data
238-->[androidx.profileinstaller:profileinstaller:1.4.0] AndroidManifest.xml:29:13-31:52
239                android:name="androidx.profileinstaller.ProfileInstallerInitializer"
239-->[androidx.profileinstaller:profileinstaller:1.4.0] AndroidManifest.xml:30:17-85
240                android:value="androidx.startup" />
240-->[androidx.profileinstaller:profileinstaller:1.4.0] AndroidManifest.xml:31:17-49
241        </provider>
242        <provider
242-->[androidx.work:work-runtime:2.3.4] AndroidManifest.xml:31:9-37:35
243            android:name="androidx.work.impl.WorkManagerInitializer"
243-->[androidx.work:work-runtime:2.3.4] AndroidManifest.xml:32:13-69
244            android:authorities="com.ikoro.android.wallet.workmanager-init"
244-->[androidx.work:work-runtime:2.3.4] AndroidManifest.xml:33:13-68
245            android:directBootAware="false"
245-->[androidx.work:work-runtime:2.3.4] AndroidManifest.xml:34:13-44
246            android:exported="false"
246-->[androidx.work:work-runtime:2.3.4] AndroidManifest.xml:35:13-37
247            android:multiprocess="true" />
247-->[androidx.work:work-runtime:2.3.4] AndroidManifest.xml:36:13-40
248
249        <service
249-->[androidx.work:work-runtime:2.3.4] AndroidManifest.xml:39:9-44:35
250            android:name="androidx.work.impl.background.systemalarm.SystemAlarmService"
250-->[androidx.work:work-runtime:2.3.4] AndroidManifest.xml:40:13-88
251            android:directBootAware="false"
251-->[androidx.work:work-runtime:2.3.4] AndroidManifest.xml:41:13-44
252            android:enabled="@bool/enable_system_alarm_service_default"
252-->[androidx.work:work-runtime:2.3.4] AndroidManifest.xml:42:13-72
253            android:exported="false" />
253-->[androidx.work:work-runtime:2.3.4] AndroidManifest.xml:43:13-37
254        <service
254-->[androidx.work:work-runtime:2.3.4] AndroidManifest.xml:45:9-51:35
255            android:name="androidx.work.impl.background.systemjob.SystemJobService"
255-->[androidx.work:work-runtime:2.3.4] AndroidManifest.xml:46:13-84
256            android:directBootAware="false"
256-->[androidx.work:work-runtime:2.3.4] AndroidManifest.xml:47:13-44
257            android:enabled="@bool/enable_system_job_service_default"
257-->[androidx.work:work-runtime:2.3.4] AndroidManifest.xml:48:13-70
258            android:exported="true"
258-->[androidx.work:work-runtime:2.3.4] AndroidManifest.xml:49:13-36
259            android:permission="android.permission.BIND_JOB_SERVICE" />
259-->[androidx.work:work-runtime:2.3.4] AndroidManifest.xml:50:13-69
260        <service
260-->[androidx.work:work-runtime:2.3.4] AndroidManifest.xml:52:9-57:35
261            android:name="androidx.work.impl.foreground.SystemForegroundService"
261-->[androidx.work:work-runtime:2.3.4] AndroidManifest.xml:53:13-81
262            android:directBootAware="false"
262-->[androidx.work:work-runtime:2.3.4] AndroidManifest.xml:54:13-44
263            android:enabled="@bool/enable_system_foreground_service_default"
263-->[androidx.work:work-runtime:2.3.4] AndroidManifest.xml:55:13-77
264            android:exported="false" />
264-->[androidx.work:work-runtime:2.3.4] AndroidManifest.xml:56:13-37
265
266        <receiver
266-->[androidx.work:work-runtime:2.3.4] AndroidManifest.xml:59:9-64:35
267            android:name="androidx.work.impl.utils.ForceStopRunnable$BroadcastReceiver"
267-->[androidx.work:work-runtime:2.3.4] AndroidManifest.xml:60:13-88
268            android:directBootAware="false"
268-->[androidx.work:work-runtime:2.3.4] AndroidManifest.xml:61:13-44
269            android:enabled="true"
269-->[androidx.work:work-runtime:2.3.4] AndroidManifest.xml:62:13-35
270            android:exported="false" />
270-->[androidx.work:work-runtime:2.3.4] AndroidManifest.xml:63:13-37
271        <receiver
271-->[androidx.work:work-runtime:2.3.4] AndroidManifest.xml:65:9-75:20
272            android:name="androidx.work.impl.background.systemalarm.ConstraintProxy$BatteryChargingProxy"
272-->[androidx.work:work-runtime:2.3.4] AndroidManifest.xml:66:13-106
273            android:directBootAware="false"
273-->[androidx.work:work-runtime:2.3.4] AndroidManifest.xml:67:13-44
274            android:enabled="false"
274-->[androidx.work:work-runtime:2.3.4] AndroidManifest.xml:68:13-36
275            android:exported="false" >
275-->[androidx.work:work-runtime:2.3.4] AndroidManifest.xml:69:13-37
276            <intent-filter>
276-->[androidx.work:work-runtime:2.3.4] AndroidManifest.xml:71:13-74:29
277                <action android:name="android.intent.action.ACTION_POWER_CONNECTED" />
277-->[androidx.work:work-runtime:2.3.4] AndroidManifest.xml:72:17-87
277-->[androidx.work:work-runtime:2.3.4] AndroidManifest.xml:72:25-84
278                <action android:name="android.intent.action.ACTION_POWER_DISCONNECTED" />
278-->[androidx.work:work-runtime:2.3.4] AndroidManifest.xml:73:17-90
278-->[androidx.work:work-runtime:2.3.4] AndroidManifest.xml:73:25-87
279            </intent-filter>
280        </receiver>
281        <receiver
281-->[androidx.work:work-runtime:2.3.4] AndroidManifest.xml:76:9-86:20
282            android:name="androidx.work.impl.background.systemalarm.ConstraintProxy$BatteryNotLowProxy"
282-->[androidx.work:work-runtime:2.3.4] AndroidManifest.xml:77:13-104
283            android:directBootAware="false"
283-->[androidx.work:work-runtime:2.3.4] AndroidManifest.xml:78:13-44
284            android:enabled="false"
284-->[androidx.work:work-runtime:2.3.4] AndroidManifest.xml:79:13-36
285            android:exported="false" >
285-->[androidx.work:work-runtime:2.3.4] AndroidManifest.xml:80:13-37
286            <intent-filter>
286-->[androidx.work:work-runtime:2.3.4] AndroidManifest.xml:82:13-85:29
287                <action android:name="android.intent.action.BATTERY_OKAY" />
287-->[androidx.work:work-runtime:2.3.4] AndroidManifest.xml:83:17-77
287-->[androidx.work:work-runtime:2.3.4] AndroidManifest.xml:83:25-74
288                <action android:name="android.intent.action.BATTERY_LOW" />
288-->[androidx.work:work-runtime:2.3.4] AndroidManifest.xml:84:17-76
288-->[androidx.work:work-runtime:2.3.4] AndroidManifest.xml:84:25-73
289            </intent-filter>
290        </receiver>
291        <receiver
291-->[androidx.work:work-runtime:2.3.4] AndroidManifest.xml:87:9-97:20
292            android:name="androidx.work.impl.background.systemalarm.ConstraintProxy$StorageNotLowProxy"
292-->[androidx.work:work-runtime:2.3.4] AndroidManifest.xml:88:13-104
293            android:directBootAware="false"
293-->[androidx.work:work-runtime:2.3.4] AndroidManifest.xml:89:13-44
294            android:enabled="false"
294-->[androidx.work:work-runtime:2.3.4] AndroidManifest.xml:90:13-36
295            android:exported="false" >
295-->[androidx.work:work-runtime:2.3.4] AndroidManifest.xml:91:13-37
296            <intent-filter>
296-->[androidx.work:work-runtime:2.3.4] AndroidManifest.xml:93:13-96:29
297                <action android:name="android.intent.action.DEVICE_STORAGE_LOW" />
297-->[androidx.work:work-runtime:2.3.4] AndroidManifest.xml:94:17-83
297-->[androidx.work:work-runtime:2.3.4] AndroidManifest.xml:94:25-80
298                <action android:name="android.intent.action.DEVICE_STORAGE_OK" />
298-->[androidx.work:work-runtime:2.3.4] AndroidManifest.xml:95:17-82
298-->[androidx.work:work-runtime:2.3.4] AndroidManifest.xml:95:25-79
299            </intent-filter>
300        </receiver>
301        <receiver
301-->[androidx.work:work-runtime:2.3.4] AndroidManifest.xml:98:9-107:20
302            android:name="androidx.work.impl.background.systemalarm.ConstraintProxy$NetworkStateProxy"
302-->[androidx.work:work-runtime:2.3.4] AndroidManifest.xml:99:13-103
303            android:directBootAware="false"
303-->[androidx.work:work-runtime:2.3.4] AndroidManifest.xml:100:13-44
304            android:enabled="false"
304-->[androidx.work:work-runtime:2.3.4] AndroidManifest.xml:101:13-36
305            android:exported="false" >
305-->[androidx.work:work-runtime:2.3.4] AndroidManifest.xml:102:13-37
306            <intent-filter>
306-->[androidx.work:work-runtime:2.3.4] AndroidManifest.xml:104:13-106:29
307                <action android:name="android.net.conn.CONNECTIVITY_CHANGE" />
307-->[androidx.work:work-runtime:2.3.4] AndroidManifest.xml:105:17-79
307-->[androidx.work:work-runtime:2.3.4] AndroidManifest.xml:105:25-76
308            </intent-filter>
309        </receiver>
310        <receiver
310-->[androidx.work:work-runtime:2.3.4] AndroidManifest.xml:108:9-119:20